# JRE version: OpenJDK Runtime Environment (11.0.13) (build 11.0.13+0-b1751.21-8125866)
# Java VM: OpenJDK 64-Bit Server VM (11.0.13+0-b1751.21-8125866, mixed mode, tiered, compressed oops, g1 gc, windows-amd64)
Heap:
 garbage-first heap   total 189440K, used 45258K [0x0000000080000000, 0x0000000100000000)
  region size 1024K, 12 young (12288K), 12 survivors (12288K)
 Metaspace       used 54729K, capacity 56125K, committed 56400K, reserved 1097728K
  class space    used 6898K, capacity 7431K, committed 7552K, reserved 1048576K
GC Heap History (19 events):
Event: 0.868 GC heap before
{Heap before GC invocations=0 (full 0):
 garbage-first heap   total 131072K, used 17408K [0x0000000080000000, 0x0000000100000000)
  region size 1024K, 14 young (14336K), 0 survivors (0K)
 Metaspace       used 6732K, capacity 6929K, committed 7168K, reserved 1056768K
  class space    used 572K, capacity 650K, committed 768K, reserved 1048576K
}
Event: 0.885 GC heap after
{Heap after GC invocations=1 (full 0):
 garbage-first heap   total 131072K, used 4361K [0x0000000080000000, 0x0000000100000000)
  region size 1024K, 2 young (2048K), 2 survivors (2048K)
 Metaspace       used 6732K, capacity 6929K, committed 7168K, reserved 1056768K
  class space    used 572K, capacity 650K, committed 768K, reserved 1048576K
}
Event: 1.457 GC heap before
{Heap before GC invocations=1 (full 0):
 garbage-first heap   total 131072K, used 18697K [0x0000000080000000, 0x0000000100000000)
  region size 1024K, 13 young (13312K), 2 survivors (2048K)
 Metaspace       used 9867K, capacity 10122K, committed 10368K, reserved 1058816K
  class space    used 1011K, capacity 1102K, committed 1152K, reserved 1048576K
}
Event: 1.463 GC heap after
{Heap after GC invocations=2 (full 0):
 garbage-first heap   total 131072K, used 9244K [0x0000000080000000, 0x0000000100000000)
  region size 1024K, 2 young (2048K), 2 survivors (2048K)
 Metaspace       used 9867K, capacity 10122K, committed 10368K, reserved 1058816K
  class space    used 1011K, capacity 1102K, committed 1152K, reserved 1048576K
}
Event: 2.250 GC heap before
{Heap before GC invocations=2 (full 0):
 garbage-first heap   total 131072K, used 36892K [0x0000000080000000, 0x0000000100000000)
  region size 1024K, 29 young (29696K), 2 survivors (2048K)
 Metaspace       used 10851K, capacity 11078K, committed 11264K, reserved 1058816K
  class space    used 1112K, capacity 1207K, committed 1280K, reserved 1048576K
}
Event: 2.255 GC heap after
{Heap after GC invocations=3 (full 0):
 garbage-first heap   total 131072K, used 10651K [0x0000000080000000, 0x0000000100000000)
  region size 1024K, 4 young (4096K), 4 survivors (4096K)
 Metaspace       used 10851K, capacity 11078K, committed 11264K, reserved 1058816K
  class space    used 1112K, capacity 1207K, committed 1280K, reserved 1048576K
}
Event: 4.600 GC heap before
{Heap before GC invocations=3 (full 0):
 garbage-first heap   total 131072K, used 52635K [0x0000000080000000, 0x0000000100000000)
  region size 1024K, 44 young (45056K), 4 survivors (4096K)
 Metaspace       used 17207K, capacity 17561K, committed 17792K, reserved 1064960K
  class space    used 1974K, capacity 2069K, committed 2176K, reserved 1048576K
}
Event: 4.614 GC heap after
{Heap after GC invocations=4 (full 0):
 garbage-first heap   total 131072K, used 15599K [0x0000000080000000, 0x0000000100000000)
  region size 1024K, 6 young (6144K), 6 survivors (6144K)
 Metaspace       used 17207K, capacity 17561K, committed 17792K, reserved 1064960K
  class space    used 1974K, capacity 2069K, committed 2176K, reserved 1048576K
}
Event: 5.273 GC heap before
{Heap before GC invocations=4 (full 0):
 garbage-first heap   total 131072K, used 49391K [0x0000000080000000, 0x0000000100000000)
  region size 1024K, 40 young (40960K), 6 survivors (6144K)
 Metaspace       used 20793K, capacity 21194K, committed 21296K, reserved 1069056K
  class space    used 2526K, capacity 2688K, committed 2688K, reserved 1048576K
}
Event: 5.285 GC heap after
{Heap after GC invocations=5 (full 0):
 garbage-first heap   total 131072K, used 17443K [0x0000000080000000, 0x0000000100000000)
  region size 1024K, 7 young (7168K), 7 survivors (7168K)
 Metaspace       used 20793K, capacity 21194K, committed 21296K, reserved 1069056K
  class space    used 2526K, capacity 2688K, committed 2688K, reserved 1048576K
}
Event: 6.542 GC heap before
{Heap before GC invocations=6 (full 0):
 garbage-first heap   total 131072K, used 72739K [0x0000000080000000, 0x0000000100000000)
  region size 1024K, 62 young (63488K), 7 survivors (7168K)
 Metaspace       used 26648K, capacity 27244K, committed 27520K, reserved 1073152K
  class space    used 3446K, capacity 3670K, committed 3712K, reserved 1048576K
}
Event: 6.559 GC heap after
{Heap after GC invocations=7 (full 0):
 garbage-first heap   total 157696K, used 19550K [0x0000000080000000, 0x0000000100000000)
  region size 1024K, 4 young (4096K), 4 survivors (4096K)
 Metaspace       used 26648K, capacity 27244K, committed 27520K, reserved 1073152K
  class space    used 3446K, capacity 3670K, committed 3712K, reserved 1048576K
}
Event: 8.105 GC heap before
{Heap before GC invocations=7 (full 0):
 garbage-first heap   total 157696K, used 79966K [0x0000000080000000, 0x0000000100000000)
  region size 1024K, 64 young (65536K), 4 survivors (4096K)
 Metaspace       used 35174K, capacity 35943K, committed 36048K, reserved 1081344K
  class space    used 4518K, capacity 4806K, committed 4864K, reserved 1048576K
}
Event: 8.124 GC heap after
{Heap after GC invocations=8 (full 0):
 garbage-first heap   total 157696K, used 22716K [0x0000000080000000, 0x0000000100000000)
  region size 1024K, 7 young (7168K), 7 survivors (7168K)
 Metaspace       used 35174K, capacity 35943K, committed 36048K, reserved 1081344K
  class space    used 4518K, capacity 4806K, committed 4864K, reserved 1048576K
}
Event: 9.787 GC heap before
{Heap before GC invocations=9 (full 0):
 garbage-first heap   total 157696K, used 102588K [0x0000000080000000, 0x0000000100000000)
  region size 1024K, 83 young (84992K), 7 survivors (7168K)
 Metaspace       used 41328K, capacity 42317K, committed 42448K, reserved 1085440K
  class space    used 5236K, capacity 5596K, committed 5632K, reserved 1048576K
}
Event: 9.811 GC heap after
{Heap after GC invocations=10 (full 0):
 garbage-first heap   total 157696K, used 29143K [0x0000000080000000, 0x0000000100000000)
  region size 1024K, 11 young (11264K), 11 survivors (11264K)
 Metaspace       used 41328K, capacity 42317K, committed 42448K, reserved 1085440K
  class space    used 5236K, capacity 5596K, committed 5632K, reserved 1048576K
}
Event: 11.530 GC heap before
{Heap before GC invocations=10 (full 0):
 garbage-first heap   total 157696K, used 110039K [0x0000000080000000, 0x0000000100000000)
  region size 1024K, 90 young (92160K), 11 survivors (11264K)
 Metaspace       used 47837K, capacity 49058K, committed 49232K, reserved 1091584K
  class space    used 6053K, capacity 6500K, committed 6528K, reserved 1048576K
}
Event: 11.574 GC heap after
{Heap after GC invocations=11 (full 0):
 garbage-first heap   total 157696K, used 32882K [0x0000000080000000, 0x0000000100000000)
  region size 1024K, 10 young (10240K), 10 survivors (10240K)
 Metaspace       used 47837K, capacity 49058K, committed 49232K, reserved 1091584K
  class space    used 6053K, capacity 6500K, committed 6528K, reserved 1048576K
}
Event: 14.622 GC heap before
{Heap before GC invocations=11 (full 0):
 garbage-first heap   total 157696K, used 118898K [0x0000000080000000, 0x0000000100000000)
  region size 1024K, 90 young (92160K), 10 survivors (10240K)
 Metaspace       used 54729K, capacity 56125K, committed 56400K, reserved 1097728K
  class space    used 6898K, capacity 7431K, committed 7552K, reserved 1048576K
}

