# JRE version: OpenJDK Runtime Environment (11.0.13) (build 11.0.13+0-b1751.21-8125866)
# Java VM: OpenJDK 64-Bit Server VM (11.0.13+0-b1751.21-8125866, mixed mode, tiered, compressed oops, g1 gc, windows-amd64)
Heap:
 garbage-first heap   total 166912K, used 72171K [0x0000000080000000, 0x0000000100000000)
  region size 1024K, 24 young (24576K), 10 survivors (10240K)
 Metaspace       used 71244K, capacity 72971K, committed 73164K, reserved 1112064K
  class space    used 9184K, capacity 9812K, committed 9932K, reserved 1048576K
GC Heap History (20 events):
Event: 6.945 GC heap before
{Heap before GC invocations=3 (full 0):
 garbage-first heap   total 131072K, used 19214K [0x0000000080000000, 0x0000000100000000)
  region size 1024K, 5 young (5120K), 2 survivors (2048K)
 Metaspace       used 20838K, capacity 21197K, committed 21296K, reserved 1069056K
  class space    used 2527K, capacity 2688K, committed 2688K, reserved 1048576K
}
Event: 6.950 GC heap after
{Heap after GC invocations=4 (full 0):
 garbage-first heap   total 131072K, used 17098K [0x0000000080000000, 0x0000000100000000)
  region size 1024K, 2 young (2048K), 2 survivors (2048K)
 Metaspace       used 20838K, capacity 21197K, committed 21296K, reserved 1069056K
  class space    used 2527K, capacity 2688K, committed 2688K, reserved 1048576K
}
Event: 8.065 GC heap before
{Heap before GC invocations=5 (full 0):
 garbage-first heap   total 131072K, used 68298K [0x0000000080000000, 0x0000000100000000)
  region size 1024K, 52 young (53248K), 2 survivors (2048K)
 Metaspace       used 26150K, capacity 26764K, committed 27008K, reserved 1073152K
  class space    used 3397K, capacity 3637K, committed 3712K, reserved 1048576K
}
Event: 8.075 GC heap after
{Heap after GC invocations=6 (full 0):
 garbage-first heap   total 131072K, used 18783K [0x0000000080000000, 0x0000000100000000)
  region size 1024K, 4 young (4096K), 4 survivors (4096K)
 Metaspace       used 26150K, capacity 26764K, committed 27008K, reserved 1073152K
  class space    used 3397K, capacity 3637K, committed 3712K, reserved 1048576K
}
Event: 9.623 GC heap before
{Heap before GC invocations=7 (full 0):
 garbage-first heap   total 131072K, used 77151K [0x0000000080000000, 0x0000000100000000)
  region size 1024K, 61 young (62464K), 4 survivors (4096K)
 Metaspace       used 32393K, capacity 33097K, committed 33280K, reserved 1077248K
  class space    used 4235K, capacity 4515K, committed 4608K, reserved 1048576K
}
Event: 9.636 GC heap after
{Heap after GC invocations=8 (full 0):
 garbage-first heap   total 131072K, used 21365K [0x0000000080000000, 0x0000000100000000)
  region size 1024K, 6 young (6144K), 6 survivors (6144K)
 Metaspace       used 32393K, capacity 33097K, committed 33280K, reserved 1077248K
  class space    used 4235K, capacity 4515K, committed 4608K, reserved 1048576K
}
Event: 11.936 GC heap before
{Heap before GC invocations=8 (full 0):
 garbage-first heap   total 131072K, used 84853K [0x0000000080000000, 0x0000000100000000)
  region size 1024K, 66 young (67584K), 6 survivors (6144K)
 Metaspace       used 39496K, capacity 40464K, committed 40704K, reserved 1085440K
  class space    used 4977K, capacity 5325K, committed 5376K, reserved 1048576K
}
Event: 11.957 GC heap after
{Heap after GC invocations=9 (full 0):
 garbage-first heap   total 131072K, used 26390K [0x0000000080000000, 0x0000000100000000)
  region size 1024K, 9 young (9216K), 9 survivors (9216K)
 Metaspace       used 39496K, capacity 40464K, committed 40704K, reserved 1085440K
  class space    used 4977K, capacity 5325K, committed 5376K, reserved 1048576K
}
Event: 13.977 GC heap before
{Heap before GC invocations=9 (full 0):
 garbage-first heap   total 131072K, used 76566K [0x0000000080000000, 0x0000000100000000)
  region size 1024K, 58 young (59392K), 9 survivors (9216K)
 Metaspace       used 44339K, capacity 45369K, committed 45440K, reserved 1089536K
  class space    used 5572K, capacity 5949K, committed 6016K, reserved 1048576K
}
Event: 14.019 GC heap after
{Heap after GC invocations=10 (full 0):
 garbage-first heap   total 131072K, used 29720K [0x0000000080000000, 0x0000000100000000)
  region size 1024K, 4 young (4096K), 4 survivors (4096K)
 Metaspace       used 44339K, capacity 45369K, committed 45440K, reserved 1089536K
  class space    used 5572K, capacity 5949K, committed 6016K, reserved 1048576K
}
Event: 15.675 GC heap before
{Heap before GC invocations=11 (full 0):
 garbage-first heap   total 131072K, used 87064K [0x0000000080000000, 0x0000000100000000)
  region size 1024K, 60 young (61440K), 4 survivors (4096K)
 Metaspace       used 48041K, capacity 49294K, committed 49612K, reserved 1091584K
  class space    used 6089K, capacity 6513K, committed 6604K, reserved 1048576K
}
Event: 15.689 GC heap after
{Heap after GC invocations=12 (full 0):
 garbage-first heap   total 166912K, used 31304K [0x0000000080000000, 0x0000000100000000)
  region size 1024K, 5 young (5120K), 5 survivors (5120K)
 Metaspace       used 48041K, capacity 49294K, committed 49612K, reserved 1091584K
  class space    used 6089K, capacity 6513K, committed 6604K, reserved 1048576K
}
Event: 17.239 GC heap before
{Heap before GC invocations=12 (full 0):
 garbage-first heap   total 166912K, used 109128K [0x0000000080000000, 0x0000000100000000)
  region size 1024K, 77 young (78848K), 5 survivors (5120K)
 Metaspace       used 54174K, capacity 55565K, committed 55884K, reserved 1097728K
  class space    used 6870K, capacity 7393K, committed 7500K, reserved 1048576K
}
Event: 17.255 GC heap after
{Heap after GC invocations=13 (full 0):
 garbage-first heap   total 166912K, used 43441K [0x0000000080000000, 0x0000000100000000)
  region size 1024K, 10 young (10240K), 10 survivors (10240K)
 Metaspace       used 54174K, capacity 55565K, committed 55884K, reserved 1097728K
  class space    used 6870K, capacity 7393K, committed 7500K, reserved 1048576K
}
Event: 18.906 GC heap before
{Heap before GC invocations=13 (full 0):
 garbage-first heap   total 166912K, used 120241K [0x0000000080000000, 0x0000000100000000)
  region size 1024K, 78 young (79872K), 10 survivors (10240K)
 Metaspace       used 62100K, capacity 63598K, committed 63692K, reserved 1103872K
  class space    used 7819K, capacity 8377K, committed 8396K, reserved 1048576K
}
Event: 18.928 GC heap after
{Heap after GC invocations=14 (full 0):
 garbage-first heap   total 166912K, used 49835K [0x0000000080000000, 0x0000000100000000)
  region size 1024K, 6 young (6144K), 6 survivors (6144K)
 Metaspace       used 62100K, capacity 63598K, committed 63692K, reserved 1103872K
  class space    used 7819K, capacity 8377K, committed 8396K, reserved 1048576K
}
Event: 20.090 GC heap before
{Heap before GC invocations=14 (full 0):
 garbage-first heap   total 166912K, used 119467K [0x0000000080000000, 0x0000000100000000)
  region size 1024K, 73 young (74752K), 6 survivors (6144K)
 Metaspace       used 65295K, capacity 66824K, committed 67020K, reserved 1107968K
  class space    used 8250K, capacity 8797K, committed 8908K, reserved 1048576K
}
Event: 20.112 GC heap after
{Heap after GC invocations=15 (full 0):
 garbage-first heap   total 166912K, used 54074K [0x0000000080000000, 0x0000000100000000)
  region size 1024K, 10 young (10240K), 10 survivors (10240K)
 Metaspace       used 65295K, capacity 66824K, committed 67020K, reserved 1107968K
  class space    used 8250K, capacity 8797K, committed 8908K, reserved 1048576K
}
Event: 21.521 GC heap before
{Heap before GC invocations=15 (full 0):
 garbage-first heap   total 166912K, used 122682K [0x0000000080000000, 0x0000000100000000)
  region size 1024K, 77 young (78848K), 10 survivors (10240K)
 Metaspace       used 71021K, capacity 72820K, committed 73164K, reserved 1112064K
  class space    used 9163K, capacity 9806K, committed 9932K, reserved 1048576K
}
Event: 21.547 GC heap after
{Heap after GC invocations=16 (full 0):
 garbage-first heap   total 166912K, used 58859K [0x0000000080000000, 0x0000000100000000)
  region size 1024K, 10 young (10240K), 10 survivors (10240K)
 Metaspace       used 71021K, capacity 72820K, committed 73164K, reserved 1112064K
  class space    used 9163K, capacity 9806K, committed 9932K, reserved 1048576K
}

