# JRE version: OpenJDK Runtime Environment (11.0.13) (build 11.0.13+0-b1751.21-8125866)
# Java VM: OpenJDK 64-Bit Server VM (11.0.13+0-b1751.21-8125866, mixed mode, tiered, compressed oops, g1 gc, windows-amd64)
Heap:
 garbage-first heap   total 316416K, used 185431K [0x0000000080000000, 0x0000000100000000)
  region size 1024K, 2 young (2048K), 2 survivors (2048K)
 Metaspace       used 105543K, capacity 108647K, committed 108956K, reserved 1144832K
  class space    used 13376K, capacity 14473K, committed 14592K, reserved 1048576K
GC Heap History (20 events):
Event: 272.273 GC heap after
{Heap after GC invocations=104 (full 0):
 garbage-first heap   total 189440K, used 158205K [0x0000000080000000, 0x0000000100000000)
  region size 1024K, 2 young (2048K), 2 survivors (2048K)
 Metaspace       used 102915K, capacity 105963K, committed 106012K, reserved 1140736K
  class space    used 13123K, capacity 14200K, committed 14208K, reserved 1048576K
}
Event: 272.430 GC heap before
{Heap before GC invocations=104 (full 0):
 garbage-first heap   total 189440K, used 165373K [0x0000000080000000, 0x0000000100000000)
  region size 1024K, 9 young (9216K), 2 survivors (2048K)
 Metaspace       used 102925K, capacity 105963K, committed 106012K, reserved 1140736K
  class space    used 13123K, capacity 14200K, committed 14208K, reserved 1048576K
}
Event: 272.434 GC heap after
{Heap after GC invocations=105 (full 0):
 garbage-first heap   total 189440K, used 158326K [0x0000000080000000, 0x0000000100000000)
  region size 1024K, 2 young (2048K), 2 survivors (2048K)
 Metaspace       used 102925K, capacity 105963K, committed 106012K, reserved 1140736K
  class space    used 13123K, capacity 14200K, committed 14208K, reserved 1048576K
}
Event: 272.742 GC heap before
{Heap before GC invocations=105 (full 0):
 garbage-first heap   total 189440K, used 164470K [0x0000000080000000, 0x0000000100000000)
  region size 1024K, 9 young (9216K), 2 survivors (2048K)
 Metaspace       used 102936K, capacity 105963K, committed 106012K, reserved 1140736K
  class space    used 13124K, capacity 14200K, committed 14208K, reserved 1048576K
}
Event: 272.748 GC heap after
{Heap after GC invocations=106 (full 0):
 garbage-first heap   total 189440K, used 159399K [0x0000000080000000, 0x0000000100000000)
  region size 1024K, 2 young (2048K), 2 survivors (2048K)
 Metaspace       used 102936K, capacity 105963K, committed 106012K, reserved 1140736K
  class space    used 13124K, capacity 14200K, committed 14208K, reserved 1048576K
}
Event: 272.947 GC heap before
{Heap before GC invocations=107 (full 0):
 garbage-first heap   total 189440K, used 165543K [0x0000000080000000, 0x0000000100000000)
  region size 1024K, 9 young (9216K), 2 survivors (2048K)
 Metaspace       used 103233K, capacity 106254K, committed 106396K, reserved 1140736K
  class space    used 13178K, capacity 14254K, committed 14336K, reserved 1048576K
}
Event: 272.952 GC heap after
{Heap after GC invocations=108 (full 0):
 garbage-first heap   total 189440K, used 159640K [0x0000000080000000, 0x0000000100000000)
  region size 1024K, 2 young (2048K), 2 survivors (2048K)
 Metaspace       used 103233K, capacity 106254K, committed 106396K, reserved 1140736K
  class space    used 13178K, capacity 14254K, committed 14336K, reserved 1048576K
}
Event: 273.037 GC heap before
{Heap before GC invocations=108 (full 0):
 garbage-first heap   total 189440K, used 160664K [0x0000000080000000, 0x0000000100000000)
  region size 1024K, 5 young (5120K), 2 survivors (2048K)
 Metaspace       used 103921K, capacity 106958K, committed 107164K, reserved 1142784K
  class space    used 13208K, capacity 14318K, committed 14336K, reserved 1048576K
}
Event: 273.042 GC heap after
{Heap after GC invocations=109 (full 0):
 garbage-first heap   total 189440K, used 159761K [0x0000000080000000, 0x0000000100000000)
  region size 1024K, 1 young (1024K), 1 survivors (1024K)
 Metaspace       used 103921K, capacity 106958K, committed 107164K, reserved 1142784K
  class space    used 13208K, capacity 14318K, committed 14336K, reserved 1048576K
}
Event: 273.391 GC heap before
{Heap before GC invocations=109 (full 0):
 garbage-first heap   total 189440K, used 170001K [0x0000000080000000, 0x0000000100000000)
  region size 1024K, 9 young (9216K), 1 survivors (1024K)
 Metaspace       used 104122K, capacity 107150K, committed 107420K, reserved 1142784K
  class space    used 13217K, capacity 14318K, committed 14336K, reserved 1048576K
}
Event: 273.400 GC heap after
{Heap after GC invocations=110 (full 0):
 garbage-first heap   total 189440K, used 166659K [0x0000000080000000, 0x0000000100000000)
  region size 1024K, 2 young (2048K), 2 survivors (2048K)
 Metaspace       used 104122K, capacity 107150K, committed 107420K, reserved 1142784K
  class space    used 13217K, capacity 14318K, committed 14336K, reserved 1048576K
}
Event: 273.733 GC heap before
{Heap before GC invocations=111 (full 0):
 garbage-first heap   total 189440K, used 173827K [0x0000000080000000, 0x0000000100000000)
  region size 1024K, 9 young (9216K), 2 survivors (2048K)
 Metaspace       used 104705K, capacity 107710K, committed 107804K, reserved 1142784K
  class space    used 13291K, capacity 14401K, committed 14464K, reserved 1048576K
}
Event: 273.743 GC heap after
{Heap after GC invocations=112 (full 0):
 garbage-first heap   total 227328K, used 169984K [0x0000000080000000, 0x0000000100000000)
  region size 1024K, 2 young (2048K), 2 survivors (2048K)
 Metaspace       used 104705K, capacity 107710K, committed 107804K, reserved 1142784K
  class space    used 13291K, capacity 14401K, committed 14464K, reserved 1048576K
}
Event: 273.825 GC heap before
{Heap before GC invocations=112 (full 0):
 garbage-first heap   total 227328K, used 178176K [0x0000000080000000, 0x0000000100000000)
  region size 1024K, 11 young (11264K), 2 survivors (2048K)
 Metaspace       used 104722K, capacity 107774K, committed 108060K, reserved 1142784K
  class space    used 13291K, capacity 14401K, committed 14464K, reserved 1048576K
}
Event: 273.840 GC heap after
{Heap after GC invocations=113 (full 0):
 garbage-first heap   total 227328K, used 176436K [0x0000000080000000, 0x0000000100000000)
  region size 1024K, 2 young (2048K), 2 survivors (2048K)
 Metaspace       used 104722K, capacity 107774K, committed 108060K, reserved 1142784K
  class space    used 13291K, capacity 14401K, committed 14464K, reserved 1048576K
}
Event: 274.069 GC heap before
{Heap before GC invocations=113 (full 0):
 garbage-first heap   total 227328K, used 185652K [0x0000000080000000, 0x0000000100000000)
  region size 1024K, 12 young (12288K), 2 survivors (2048K)
 Metaspace       used 105039K, capacity 108064K, committed 108316K, reserved 1142784K
  class space    used 13330K, capacity 14434K, committed 14464K, reserved 1048576K
}
Event: 274.081 GC heap after
{Heap after GC invocations=114 (full 0):
 garbage-first heap   total 227328K, used 178078K [0x0000000080000000, 0x0000000100000000)
  region size 1024K, 2 young (2048K), 2 survivors (2048K)
 Metaspace       used 105039K, capacity 108064K, committed 108316K, reserved 1142784K
  class space    used 13330K, capacity 14434K, committed 14464K, reserved 1048576K
}
Event: 274.443 GC heap before
{Heap before GC invocations=114 (full 0):
 garbage-first heap   total 227328K, used 188318K [0x0000000080000000, 0x0000000100000000)
  region size 1024K, 12 young (12288K), 2 survivors (2048K)
 Metaspace       used 105269K, capacity 108288K, committed 108444K, reserved 1142784K
  class space    used 13349K, capacity 14466K, committed 14592K, reserved 1048576K
}
Event: 274.455 GC heap after
{Heap after GC invocations=115 (full 0):
 garbage-first heap   total 227328K, used 180224K [0x0000000080000000, 0x0000000100000000)
  region size 1024K, 2 young (2048K), 2 survivors (2048K)
 Metaspace       used 105269K, capacity 108288K, committed 108444K, reserved 1142784K
  class space    used 13349K, capacity 14466K, committed 14592K, reserved 1048576K
}
Event: 274.945 GC heap before
{Heap before GC invocations=116 (full 0):
 garbage-first heap   total 227328K, used 206848K [0x0000000080000000, 0x0000000100000000)
  region size 1024K, 12 young (12288K), 2 survivors (2048K)
 Metaspace       used 105543K, capacity 108647K, committed 108956K, reserved 1144832K
  class space    used 13376K, capacity 14473K, committed 14592K, reserved 1048576K
}

