# JRE version: OpenJDK Runtime Environment (11.0.13) (build 11.0.13+0-b1751.21-8125866)
# Java VM: OpenJDK 64-Bit Server VM (11.0.13+0-b1751.21-8125866, mixed mode, tiered, compressed oops, g1 gc, windows-amd64)
Heap:
 garbage-first heap   total 157696K, used 40890K [0x0000000080000000, 0x0000000100000000)
  region size 1024K, 24 young (24576K), 12 survivors (12288K)
 Metaspace       used 43771K, capacity 44827K, committed 45008K, reserved 1089536K
  class space    used 5490K, capacity 5876K, committed 5888K, reserved 1048576K
GC Heap History (16 events):
Event: 0.850 GC heap before
{Heap before GC invocations=0 (full 0):
 garbage-first heap   total 131072K, used 17408K [0x0000000080000000, 0x0000000100000000)
  region size 1024K, 14 young (14336K), 0 survivors (0K)
 Metaspace       used 6741K, capacity 6929K, committed 7168K, reserved 1056768K
  class space    used 572K, capacity 650K, committed 768K, reserved 1048576K
}
Event: 0.859 GC heap after
{Heap after GC invocations=1 (full 0):
 garbage-first heap   total 131072K, used 4246K [0x0000000080000000, 0x0000000100000000)
  region size 1024K, 2 young (2048K), 2 survivors (2048K)
 Metaspace       used 6741K, capacity 6929K, committed 7168K, reserved 1056768K
  class space    used 572K, capacity 650K, committed 768K, reserved 1048576K
}
Event: 1.323 GC heap before
{Heap before GC invocations=1 (full 0):
 garbage-first heap   total 131072K, used 18582K [0x0000000080000000, 0x0000000100000000)
  region size 1024K, 13 young (13312K), 2 survivors (2048K)
 Metaspace       used 9857K, capacity 10122K, committed 10368K, reserved 1058816K
  class space    used 1011K, capacity 1102K, committed 1152K, reserved 1048576K
}
Event: 1.329 GC heap after
{Heap after GC invocations=2 (full 0):
 garbage-first heap   total 131072K, used 9459K [0x0000000080000000, 0x0000000100000000)
  region size 1024K, 2 young (2048K), 2 survivors (2048K)
 Metaspace       used 9857K, capacity 10122K, committed 10368K, reserved 1058816K
  class space    used 1011K, capacity 1102K, committed 1152K, reserved 1048576K
}
Event: 2.105 GC heap before
{Heap before GC invocations=2 (full 0):
 garbage-first heap   total 131072K, used 36083K [0x0000000080000000, 0x0000000100000000)
  region size 1024K, 28 young (28672K), 2 survivors (2048K)
 Metaspace       used 10851K, capacity 11077K, committed 11264K, reserved 1058816K
  class space    used 1112K, capacity 1207K, committed 1280K, reserved 1048576K
}
Event: 2.109 GC heap after
{Heap after GC invocations=3 (full 0):
 garbage-first heap   total 131072K, used 10182K [0x0000000080000000, 0x0000000100000000)
  region size 1024K, 3 young (3072K), 3 survivors (3072K)
 Metaspace       used 10851K, capacity 11077K, committed 11264K, reserved 1058816K
  class space    used 1112K, capacity 1207K, committed 1280K, reserved 1048576K
}
Event: 4.640 GC heap before
{Heap before GC invocations=3 (full 0):
 garbage-first heap   total 131072K, used 51142K [0x0000000080000000, 0x0000000100000000)
  region size 1024K, 42 young (43008K), 3 survivors (3072K)
 Metaspace       used 17052K, capacity 17395K, committed 17408K, reserved 1064960K
  class space    used 1939K, capacity 2035K, committed 2048K, reserved 1048576K
}
Event: 4.653 GC heap after
{Heap after GC invocations=4 (full 0):
 garbage-first heap   total 131072K, used 15792K [0x0000000080000000, 0x0000000100000000)
  region size 1024K, 6 young (6144K), 6 survivors (6144K)
 Metaspace       used 17052K, capacity 17395K, committed 17408K, reserved 1064960K
  class space    used 1939K, capacity 2035K, committed 2048K, reserved 1048576K
}
Event: 5.233 GC heap before
{Heap before GC invocations=4 (full 0):
 garbage-first heap   total 131072K, used 50608K [0x0000000080000000, 0x0000000100000000)
  region size 1024K, 41 young (41984K), 6 survivors (6144K)
 Metaspace       used 20807K, capacity 21193K, committed 21296K, reserved 1069056K
  class space    used 2526K, capacity 2688K, committed 2688K, reserved 1048576K
}
Event: 5.244 GC heap after
{Heap after GC invocations=5 (full 0):
 garbage-first heap   total 131072K, used 17183K [0x0000000080000000, 0x0000000100000000)
  region size 1024K, 2 young (2048K), 2 survivors (2048K)
 Metaspace       used 20807K, capacity 21193K, committed 21296K, reserved 1069056K
  class space    used 2526K, capacity 2688K, committed 2688K, reserved 1048576K
}
Event: 6.300 GC heap before
{Heap before GC invocations=6 (full 0):
 garbage-first heap   total 131072K, used 66335K [0x0000000080000000, 0x0000000100000000)
  region size 1024K, 51 young (52224K), 2 survivors (2048K)
 Metaspace       used 26072K, capacity 26644K, committed 27008K, reserved 1073152K
  class space    used 3384K, capacity 3598K, committed 3712K, reserved 1048576K
}
Event: 6.310 GC heap after
{Heap after GC invocations=7 (full 0):
 garbage-first heap   total 157696K, used 19019K [0x0000000080000000, 0x0000000100000000)
  region size 1024K, 4 young (4096K), 4 survivors (4096K)
 Metaspace       used 26072K, capacity 26644K, committed 27008K, reserved 1073152K
  class space    used 3384K, capacity 3598K, committed 3712K, reserved 1048576K
}
Event: 7.956 GC heap before
{Heap before GC invocations=7 (full 0):
 garbage-first heap   total 157696K, used 82507K [0x0000000080000000, 0x0000000100000000)
  region size 1024K, 67 young (68608K), 4 survivors (4096K)
 Metaspace       used 35152K, capacity 35932K, committed 36048K, reserved 1081344K
  class space    used 4506K, capacity 4803K, committed 4864K, reserved 1048576K
}
Event: 7.969 GC heap after
{Heap after GC invocations=8 (full 0):
 garbage-first heap   total 157696K, used 22701K [0x0000000080000000, 0x0000000100000000)
  region size 1024K, 7 young (7168K), 7 survivors (7168K)
 Metaspace       used 35152K, capacity 35932K, committed 36048K, reserved 1081344K
  class space    used 4506K, capacity 4803K, committed 4864K, reserved 1048576K
}
Event: 9.845 GC heap before
{Heap before GC invocations=9 (full 0):
 garbage-first heap   total 157696K, used 111789K [0x0000000080000000, 0x0000000100000000)
  region size 1024K, 92 young (94208K), 7 survivors (7168K)
 Metaspace       used 42189K, capacity 43213K, committed 43472K, reserved 1087488K
  class space    used 5369K, capacity 5765K, committed 5888K, reserved 1048576K
}
Event: 9.876 GC heap after
{Heap after GC invocations=10 (full 0):
 garbage-first heap   total 157696K, used 28602K [0x0000000080000000, 0x0000000100000000)
  region size 1024K, 12 young (12288K), 12 survivors (12288K)
 Metaspace       used 42189K, capacity 43213K, committed 43472K, reserved 1087488K
  class space    used 5369K, capacity 5765K, committed 5888K, reserved 1048576K
}

